\BOOKMARK [1][-]{section.1}{\376\377\000I\000n\000t\000r\000o\000d\000u\000c\000t\000i\000o\000n}{}% 1
\BOOKMARK [1][-]{section.2}{\376\377\000R\000e\000l\000a\000t\000e\000d\000\040\000W\000o\000r\000k}{}% 2
\BOOKMARK [2][-]{subsection.2.1}{\376\377\000O\000p\000e\000r\000a\000t\000i\000o\000n\000a\000l\000\040\000O\000n\000t\000o\000l\000o\000g\000y\000\040\000a\000n\000d\000\040\000E\000v\000e\000n\000t\000-\000F\000i\000r\000s\000t\000\040\000D\000e\000s\000i\000g\000n}{section.2}% 3
\BOOKMARK [2][-]{subsection.2.2}{\376\377\000K\000G\000\040\000A\000u\000t\000h\000o\000r\000i\000n\000g\000\040\000b\000y\000\040\000L\000L\000M\000\040\000A\000g\000e\000n\000t\000s}{section.2}% 4
\BOOKMARK [2][-]{subsection.2.3}{\376\377\000C\000o\000n\000s\000e\000n\000s\000u\000s\000\040\000i\000n\000\040\000M\000u\000l\000t\000i\000-\000A\000g\000e\000n\000t\000\040\000S\000y\000s\000t\000e\000m\000s}{section.2}% 5
\BOOKMARK [2][-]{subsection.2.4}{\376\377\000C\000r\000y\000p\000t\000o\000g\000r\000a\000p\000h\000i\000c\000\040\000I\000n\000t\000e\000g\000r\000i\000t\000y\000\040\000i\000n\000\040\000K\000n\000o\000w\000l\000e\000d\000g\000e\000\040\000S\000y\000s\000t\000e\000m\000s}{section.2}% 6
\BOOKMARK [2][-]{subsection.2.5}{\376\377\000E\000v\000e\000n\000t\000-\000C\000e\000n\000t\000r\000i\000c\000\040\000R\000D\000F\000\040\000a\000n\000d\000\040\000P\000r\000o\000v\000e\000n\000a\000n\000c\000e\000\040\000M\000o\000d\000e\000l\000s}{section.2}% 7
\BOOKMARK [1][-]{section.3}{\376\377\000T\000h\000e\000\040\000A\000D\000L\000\040\000L\000i\000t\000e\000\040\000F\000r\000a\000m\000e\000w\000o\000r\000k}{}% 8
\BOOKMARK [2][-]{subsection.3.1}{\376\377\000D\000e\000s\000i\000g\000n\000\040\000P\000h\000i\000l\000o\000s\000o\000p\000h\000y}{section.3}% 9
\BOOKMARK [2][-]{subsection.3.2}{\376\377\000F\000o\000u\000r\000-\000L\000a\000y\000e\000r\000\040\000S\000y\000n\000t\000a\000x}{section.3}% 10
\BOOKMARK [2][-]{subsection.3.3}{\376\377\000E\000v\000e\000n\000t\000C\000h\000a\000i\000n\000:\000\040\000T\000h\000e\000\040\000C\000o\000r\000e\000\040\000D\000a\000t\000a\000\040\000S\000t\000r\000u\000c\000t\000u\000r\000e}{section.3}% 11
\BOOKMARK [2][-]{subsection.3.4}{\376\377\000S\000t\000r\000u\000c\000t\000u\000r\000e\000d\000\040\000S\000e\000m\000a\000n\000t\000i\000c\000\040\000A\000n\000c\000h\000o\000r\000i\000n\000g\000\040\000\050\000S\000S\000A\000\051}{section.3}% 12
\BOOKMARK [1][-]{section.4}{\376\377\000M\000u\000l\000t\000i\000-\000A\000g\000e\000n\000t\000\040\000C\000o\000n\000s\000e\000n\000s\000u\000s\000\040\000P\000r\000o\000t\000o\000c\000o\000l}{}% 13
\BOOKMARK [2][-]{subsection.4.1}{\376\377\000L\000i\000f\000e\000c\000y\000c\000l\000e\000\040\000S\000t\000a\000t\000e\000\040\000M\000a\000c\000h\000i\000n\000e}{section.4}% 14
\BOOKMARK [2][-]{subsection.4.2}{\376\377\000F\000o\000r\000k\000\040\000M\000a\000n\000a\000g\000e\000m\000e\000n\000t}{section.4}% 15
\BOOKMARK [2][-]{subsection.4.3}{\376\377\000O\000f\000f\000l\000i\000n\000e\000-\000F\000i\000r\000s\000t\000\040\000E\000d\000g\000e\000\040\000S\000y\000n\000c\000h\000r\000o\000n\000i\000z\000a\000t\000i\000o\000n}{section.4}% 16
\BOOKMARK [1][-]{section.5}{\376\377\000I\000m\000p\000l\000e\000m\000e\000n\000t\000a\000t\000i\000o\000n\000\040\000A\000r\000c\000h\000i\000t\000e\000c\000t\000u\000r\000e}{}% 17
\BOOKMARK [1][-]{section.6}{\376\377\000E\000x\000p\000e\000r\000i\000m\000e\000n\000t\000a\000l\000\040\000E\000v\000a\000l\000u\000a\000t\000i\000o\000n}{}% 18
\BOOKMARK [2][-]{subsection.6.1}{\376\377\000E\000x\000p\000e\000r\000i\000m\000e\000n\000t\000\040\000D\000e\000s\000i\000g\000n}{section.6}% 19
\BOOKMARK [2][-]{subsection.6.2}{\376\377\000R\000e\000s\000u\000l\000t\000s}{section.6}% 20
\BOOKMARK [2][-]{subsection.6.3}{\376\377\000F\000o\000r\000k\000\040\000T\000h\000r\000e\000s\000h\000o\000l\000d\000\040\000S\000e\000n\000s\000i\000t\000i\000v\000i\000t\000y}{section.6}% 21
\BOOKMARK [2][-]{subsection.6.4}{\376\377\000R\000D\000F\000/\000O\000W\000L\000/\000P\000R\000O\000V\000-\000O\000\040\000M\000a\000p\000p\000i\000n\000g}{section.6}% 22
\BOOKMARK [2][-]{subsection.6.5}{\376\377\000B\000a\000s\000e\000l\000i\000n\000e\000\040\000C\000o\000m\000p\000a\000r\000i\000s\000o\000n}{section.6}% 23
\BOOKMARK [2][-]{subsection.6.6}{\376\377\000D\000i\000s\000t\000r\000i\000b\000u\000t\000e\000d\000\040\000D\000e\000p\000l\000o\000y\000m\000e\000n\000t\000\040\000\050\0001\0000\040\023\0001\0000\0000\000\040\000A\000g\000e\000n\000t\000s\000\051}{section.6}% 24
\BOOKMARK [1][-]{section.7}{\376\377\000D\000i\000s\000c\000u\000s\000s\000i\000o\000n}{}% 25
\BOOKMARK [2][-]{subsection.7.1}{\376\377\000C\000o\000m\000p\000a\000r\000i\000s\000o\000n\000\040\000w\000i\000t\000h\000\040\000O\000b\000j\000e\000c\000t\000-\000F\000i\000r\000s\000t\000\040\000O\000n\000t\000o\000l\000o\000g\000i\000e\000s}{section.7}% 26
\BOOKMARK [2][-]{subsection.7.2}{\376\377\000A\000p\000p\000l\000i\000c\000a\000b\000i\000l\000i\000t\000y\000\040\000t\000o\000\040\000S\000e\000m\000a\000n\000t\000i\000c\000\040\000W\000e\000b}{section.7}% 27
\BOOKMARK [2][-]{subsection.7.3}{\376\377\000F\000a\000i\000l\000u\000r\000e\000\040\000M\000o\000d\000e\000s\000\040\000a\000n\000d\000\040\000A\000d\000v\000e\000r\000s\000a\000r\000i\000a\000l\000\040\000A\000n\000a\000l\000y\000s\000i\000s}{section.7}% 28
\BOOKMARK [2][-]{subsection.7.4}{\376\377\000C\000R\000D\000T\000\040\000F\000o\000r\000m\000a\000l\000i\000z\000a\000t\000i\000o\000n\000\040\000o\000f\000\040\000D\000e\000r\000i\000v\000e\000d\000\040\000S\000t\000a\000t\000e\000s}{section.7}% 29
\BOOKMARK [2][-]{subsection.7.5}{\376\377\000L\000i\000m\000i\000t\000a\000t\000i\000o\000n\000s}{section.7}% 30
\BOOKMARK [2][-]{subsection.7.6}{\376\377\000F\000u\000t\000u\000r\000e\000\040\000W\000o\000r\000k}{section.7}% 31
\BOOKMARK [1][-]{section.8}{\376\377\000C\000o\000n\000c\000l\000u\000s\000i\000o\000n}{}% 32
