\BOOKMARK [1][-]{section.1}{\376\377\000I\000n\000t\000r\000o\000d\000u\000c\000t\000i\000o\000n}{}% 1
\BOOKMARK [2][-]{subsection.1.1}{\376\377\000B\000a\000c\000k\000g\000r\000o\000u\000n\000d\000:\000\040\000F\000r\000o\000m\000\040\000O\000b\000j\000e\000c\000t\000-\000F\000i\000r\000s\000t\000\040\000t\000o\000\040\000E\000v\000e\000n\000t\000-\000F\000i\000r\000s\000t\000\040\000O\000n\000t\000o\000l\000o\000g\000y\000\040\000E\000n\000g\000i\000n\000e\000e\000r\000i\000n\000g}{section.1}% 2
\BOOKMARK [2][-]{subsection.1.2}{\376\377\000R\000e\000s\000e\000a\000r\000c\000h\000\040\000G\000a\000p\000:\000\040\000C\000o\000n\000c\000e\000p\000t\000\040\000L\000i\000f\000e\000c\000y\000c\000l\000e\000\040\000G\000o\000v\000e\000r\000n\000a\000n\000c\000e\000\040\000a\000s\000\040\000O\000n\000t\000o\000l\000o\000g\000i\000c\000a\000l\000\040\000A\000n\000a\000l\000y\000s\000i\000s}{section.1}% 3
\BOOKMARK [2][-]{subsection.1.3}{\376\377\000C\000o\000n\000t\000r\000i\000b\000u\000t\000i\000o\000n\000s}{section.1}% 4
\BOOKMARK [2][-]{subsection.1.4}{\376\377\000P\000a\000p\000e\000r\000\040\000O\000r\000g\000a\000n\000i\000z\000a\000t\000i\000o\000n}{section.1}% 5
\BOOKMARK [1][-]{section.2}{\376\377\000R\000e\000l\000a\000t\000e\000d\000\040\000W\000o\000r\000k}{}% 6
\BOOKMARK [2][-]{subsection.2.1}{\376\377\000U\000p\000p\000e\000r\000\040\000O\000n\000t\000o\000l\000o\000g\000i\000e\000s\000\040\000a\000n\000d\000\040\000F\000o\000u\000n\000d\000a\000t\000i\000o\000n\000a\000l\000\040\000O\000n\000t\000o\000l\000o\000g\000i\000e\000s}{section.2}% 7
\BOOKMARK [3][-]{subsubsection.2.1.1}{\376\377\000B\000a\000s\000i\000c\000\040\000F\000o\000r\000m\000a\000l\000\040\000O\000n\000t\000o\000l\000o\000g\000y\000\040\000\050\000B\000F\000O\000\051}{subsection.2.1}% 8
\BOOKMARK [3][-]{subsubsection.2.1.2}{\376\377\000D\000O\000L\000C\000E}{subsection.2.1}% 9
\BOOKMARK [3][-]{subsubsection.2.1.3}{\376\377\000U\000n\000i\000f\000i\000e\000d\000\040\000F\000o\000u\000n\000d\000a\000t\000i\000o\000n\000a\000l\000\040\000O\000n\000t\000o\000l\000o\000g\000y\000\040\000\050\000U\000F\000O\000\051}{subsection.2.1}% 10
\BOOKMARK [3][-]{subsubsection.2.1.4}{\376\377\000S\000y\000n\000t\000h\000e\000s\000i\000s\000:\000\040\000A\000D\000L\000\040\000L\000i\000t\000e\000'\000s\000\040\000P\000o\000s\000i\000t\000i\000o\000n\000\040\000i\000n\000\040\000t\000h\000e\000\040\000F\000o\000u\000n\000d\000a\000t\000i\000o\000n\000a\000l\000\040\000O\000n\000t\000o\000l\000o\000g\000y\000\040\000L\000a\000n\000d\000s\000c\000a\000p\000e}{subsection.2.1}% 11
\BOOKMARK [2][-]{subsection.2.2}{\376\377\000O\000n\000t\000o\000l\000o\000g\000y\000\040\000E\000n\000g\000i\000n\000e\000e\000r\000i\000n\000g\000\040\000a\000n\000d\000\040\000K\000n\000o\000w\000l\000e\000d\000g\000e\000\040\000G\000r\000a\000p\000h\000\040\000C\000o\000n\000s\000t\000r\000u\000c\000t\000i\000o\000n}{section.2}% 12
\BOOKMARK [2][-]{subsection.2.3}{\376\377\000P\000r\000o\000v\000e\000n\000a\000n\000c\000e\000,\000\040\000T\000r\000u\000s\000t\000,\000\040\000a\000n\000d\000\040\000V\000e\000r\000i\000f\000i\000a\000b\000l\000e\000\040\000P\000u\000b\000l\000i\000s\000h\000i\000n\000g}{section.2}% 13
\BOOKMARK [2][-]{subsection.2.4}{\376\377\000E\000v\000e\000n\000t\000-\000C\000e\000n\000t\000r\000i\000c\000\040\000O\000n\000t\000o\000l\000o\000g\000i\000e\000s}{section.2}% 14
\BOOKMARK [2][-]{subsection.2.5}{\376\377\000P\000o\000s\000i\000t\000i\000o\000n\000i\000n\000g}{section.2}% 15
\BOOKMARK [1][-]{section.3}{\376\377\000O\000n\000t\000o\000l\000o\000g\000i\000c\000a\000l\000\040\000A\000n\000a\000l\000y\000s\000i\000s\000\040\000o\000f\000\040\000A\000D\000L\000\040\000L\000i\000t\000e}{}% 16
\BOOKMARK [2][-]{subsection.3.1}{\376\377\000P\000h\000i\000l\000o\000s\000o\000p\000h\000i\000c\000a\000l\000\040\000F\000o\000u\000n\000d\000a\000t\000i\000o\000n\000:\000\040\000E\000v\000e\000n\000t\000-\000F\000i\000r\000s\000t\000\040\000a\000s\000\040\000O\000n\000t\000o\000l\000o\000g\000i\000c\000a\000l\000\040\000C\000o\000m\000m\000i\000t\000m\000e\000n\000t}{section.3}% 17
\BOOKMARK [2][-]{subsection.3.2}{\376\377\000C\000a\000t\000e\000g\000o\000r\000i\000e\000s\000\040\000a\000n\000d\000\040\000T\000a\000x\000o\000n\000o\000m\000y}{section.3}% 18
\BOOKMARK [3][-]{subsubsection.3.2.1}{\376\377\000E\000v\000e\000n\000t\000\040\000a\000s\000\040\000O\000c\000c\000u\000r\000r\000e\000n\000t\000/\000P\000e\000r\000d\000u\000r\000a\000n\000t}{subsection.3.2}% 19
\BOOKMARK [3][-]{subsubsection.3.2.2}{\376\377\000C\000o\000n\000c\000e\000p\000t\000\040\000a\000s\000\040\000G\000e\000n\000e\000r\000i\000c\000a\000l\000l\000y\000\040\000D\000e\000p\000e\000n\000d\000e\000n\000t\000\040\000C\000o\000n\000t\000i\000n\000u\000a\000n\000t}{subsection.3.2}% 20
\BOOKMARK [3][-]{subsubsection.3.2.3}{\376\377\000E\000v\000e\000n\000t\000C\000h\000a\000i\000n\000\040\000a\000s\000\040\000P\000r\000o\000c\000e\000s\000s}{subsection.3.2}% 21
\BOOKMARK [3][-]{subsubsection.3.2.4}{\376\377\000R\000e\000l\000a\000t\000i\000o\000n\000\040\000a\000s\000\040\000R\000e\000l\000a\000t\000i\000o\000n\000a\000l\000\040\000Q\000u\000a\000l\000i\000t\000y\000\040\000/\000\040\000R\000e\000l\000a\000t\000o\000r}{subsection.3.2}% 22
\BOOKMARK [3][-]{subsubsection.3.2.5}{\376\377\000A\000c\000t\000i\000o\000n\000\040\000a\000s\000\040\000P\000l\000a\000n\000n\000e\000d\000\040\000P\000r\000o\000c\000e\000s\000s\000\040\000/\000\040\000I\000n\000t\000e\000n\000t\000i\000o\000n\000a\000l\000\040\000E\000v\000e\000n\000t}{subsection.3.2}% 23
\BOOKMARK [2][-]{subsection.3.3}{\376\377\000I\000d\000e\000n\000t\000i\000t\000y\000\040\000C\000o\000n\000d\000i\000t\000i\000o\000n\000s}{section.3}% 24
\BOOKMARK [3][-]{subsubsection.3.3.1}{\376\377\000E\000v\000e\000n\000t\000\040\000I\000d\000e\000n\000t\000i\000t\000y}{subsection.3.3}% 25
\BOOKMARK [3][-]{subsubsection.3.3.2}{\376\377\000C\000o\000n\000c\000e\000p\000t\000\040\000I\000d\000e\000n\000t\000i\000t\000y}{subsection.3.3}% 26
\BOOKMARK [3][-]{subsubsection.3.3.3}{\376\377\000E\000v\000e\000n\000t\000C\000h\000a\000i\000n\000\040\000I\000d\000e\000n\000t\000i\000t\000y}{subsection.3.3}% 27
\BOOKMARK [2][-]{subsection.3.4}{\376\377\000O\000n\000t\000o\000l\000o\000g\000i\000c\000a\000l\000\040\000D\000e\000p\000e\000n\000d\000e\000n\000c\000e}{section.3}% 28
\BOOKMARK [3][-]{subsubsection.3.4.1}{\376\377\000H\000i\000s\000t\000o\000r\000i\000c\000a\000l\000\040\000D\000e\000p\000e\000n\000d\000e\000n\000c\000e\000\040\000o\000f\000\040\000C\000o\000n\000c\000e\000p\000t\000\040\000o\000n\000\040\000E\000v\000e\000n\000t\000C\000h\000a\000i\000n}{subsection.3.4}% 29
\BOOKMARK [3][-]{subsubsection.3.4.2}{\376\377\000G\000e\000n\000e\000r\000i\000c\000\040\000D\000e\000p\000e\000n\000d\000e\000n\000c\000e\000\040\000o\000f\000\040\000S\000t\000a\000t\000u\000s\000\040\000o\000n\000\040\000E\000v\000e\000n\000t\000s}{subsection.3.4}% 30
\BOOKMARK [3][-]{subsubsection.3.4.3}{\376\377\000M\000u\000t\000u\000a\000l\000\040\000D\000e\000p\000e\000n\000d\000e\000n\000c\000e\000\040\000o\000f\000\040\000R\000e\000l\000a\000t\000i\000o\000n\000s\000\040\000o\000n\000\040\000C\000o\000n\000c\000e\000p\000t\000s}{subsection.3.4}% 31
\BOOKMARK [2][-]{subsection.3.5}{\376\377\000C\000o\000m\000p\000a\000r\000i\000s\000o\000n\000\040\000w\000i\000t\000h\000\040\000U\000p\000p\000e\000r\000\040\000O\000n\000t\000o\000l\000o\000g\000i\000e\000s\000:\000\040\000A\000l\000i\000g\000n\000m\000e\000n\000t\000\040\000C\000h\000o\000i\000c\000e\000s\000\040\000a\000n\000d\000\040\000D\000e\000v\000i\000a\000t\000i\000o\000n\000s}{section.3}% 32
\BOOKMARK [1][-]{section.4}{\376\377\000A\000r\000c\000h\000i\000t\000e\000c\000t\000u\000r\000e\000\040\000a\000n\000d\000\040\000F\000o\000r\000m\000a\000l\000\040\000S\000e\000m\000a\000n\000t\000i\000c\000s}{}% 33
\BOOKMARK [2][-]{subsection.4.1}{\376\377\000D\000o\000c\000u\000m\000e\000n\000t\000\040\000M\000o\000d\000e\000l\000:\000\040\000L\0001\040\023\000L\0004\000\040\000a\000s\000\040\000C\000o\000n\000c\000e\000p\000t\000u\000a\000l\000\040\000M\000o\000d\000e\000l\000i\000n\000g\000\040\000L\000a\000y\000e\000r\000s}{section.4}% 34
\BOOKMARK [2][-]{subsection.4.2}{\376\377\000E\000v\000e\000n\000t\000C\000h\000a\000i\000n\000:\000\040\000C\000o\000r\000e\000\040\000D\000a\000t\000a\000\040\000S\000t\000r\000u\000c\000t\000u\000r\000e}{section.4}% 35
\BOOKMARK [2][-]{subsection.4.3}{\376\377\000C\000a\000n\000o\000n\000i\000c\000a\000l\000\040\000S\000e\000r\000i\000a\000l\000i\000z\000a\000t\000i\000o\000n\000\040\000a\000n\000d\000\040\000C\000r\000y\000p\000t\000o\000g\000r\000a\000p\000h\000i\000c\000\040\000I\000n\000t\000e\000g\000r\000i\000t\000y}{section.4}% 36
\BOOKMARK [2][-]{subsection.4.4}{\376\377\000A\000c\000t\000i\000o\000n\000\040\000E\000x\000e\000c\000u\000t\000o\000r\000\040\000w\000i\000t\000h\000\040\000S\000t\000r\000u\000c\000t\000u\000r\000e\000d\000\040\000P\000r\000e\000c\000o\000n\000d\000i\000t\000i\000o\000n\000s}{section.4}% 37
\BOOKMARK [2][-]{subsection.4.5}{\376\377\000C\000o\000n\000s\000e\000n\000s\000u\000s\000\040\000a\000n\000d\000\040\000S\000t\000a\000t\000u\000s\000\040\000T\000r\000a\000n\000s\000i\000t\000i\000o\000n\000s}{section.4}% 38
\BOOKMARK [2][-]{subsection.4.6}{\376\377\000F\000o\000r\000m\000a\000l\000\040\000D\000e\000r\000i\000v\000a\000t\000i\000o\000n\000\040\000S\000e\000m\000a\000n\000t\000i\000c\000s}{section.4}% 39
\BOOKMARK [3][-]{subsubsection.4.6.1}{\376\377\000E\000v\000e\000n\000t\000\040\000A\000l\000p\000h\000a\000b\000e\000t\000\040\000a\000n\000d\000\040\000W\000e\000l\000l\000-\000F\000o\000r\000m\000e\000d\000n\000e\000s\000s}{subsection.4.6}% 40
\BOOKMARK [3][-]{subsubsection.4.6.2}{\376\377\000S\000t\000a\000t\000u\000s\000\040\000D\000e\000r\000i\000v\000a\000t\000i\000o\000n\000\040}{subsection.4.6}% 41
\BOOKMARK [3][-]{subsubsection.4.6.3}{\376\377\000C\000o\000n\000f\000i\000d\000e\000n\000c\000e\000\040\000A\000g\000g\000r\000e\000g\000a\000t\000i\000o\000n\000\040}{subsection.4.6}% 42
\BOOKMARK [3][-]{subsubsection.4.6.4}{\376\377\000F\000o\000r\000k\000\040\000a\000n\000d\000\040\000C\000o\000n\000f\000l\000u\000e\000n\000c\000e\000\040\000S\000e\000m\000a\000n\000t\000i\000c\000s}{subsection.4.6}% 43
\BOOKMARK [2][-]{subsection.4.7}{\376\377\000C\000o\000m\000p\000a\000r\000i\000s\000o\000n\000\040\000w\000i\000t\000h\000\040\000F\000o\000r\000m\000a\000l\000\040\000E\000v\000e\000n\000t\000\040\000F\000r\000a\000m\000e\000w\000o\000r\000k\000s}{section.4}% 44
\BOOKMARK [3][-]{subsubsection.4.7.1}{\376\377\000E\000v\000e\000n\000t\000\040\000C\000a\000l\000c\000u\000l\000u\000s}{subsection.4.7}% 45
\BOOKMARK [3][-]{subsubsection.4.7.2}{\376\377\000S\000i\000t\000u\000a\000t\000i\000o\000n\000\040\000C\000a\000l\000c\000u\000l\000u\000s}{subsection.4.7}% 46
\BOOKMARK [3][-]{subsubsection.4.7.3}{\376\377\000D\000e\000s\000c\000r\000i\000p\000t\000i\000o\000n\000\040\000L\000o\000g\000i\000c\000\040\000E\000x\000p\000r\000e\000s\000s\000i\000v\000i\000t\000y}{subsection.4.7}% 47
\BOOKMARK [1][-]{section.5}{\376\377\000E\000m\000p\000i\000r\000i\000c\000a\000l\000\040\000V\000a\000l\000i\000d\000a\000t\000i\000o\000n}{}% 48
\BOOKMARK [2][-]{subsection.5.1}{\376\377\000V\000a\000l\000i\000d\000a\000t\000i\000o\000n\000\040\000S\000t\000r\000a\000t\000e\000g\000y\000:\000\040\000C\000o\000r\000r\000e\000c\000t\000n\000e\000s\000s\000\040\000a\000s\000\040\000O\000n\000t\000o\000l\000o\000g\000i\000c\000a\000l\000\040\000C\000o\000n\000s\000i\000s\000t\000e\000n\000c\000y}{section.5}% 49
\BOOKMARK [2][-]{subsection.5.2}{\376\377\000C\000h\000a\000i\000n\000\040\000I\000n\000t\000e\000g\000r\000i\000t\000y\000\040\000a\000n\000d\000\040\000T\000a\000m\000p\000e\000r\000\040\000D\000e\000t\000e\000c\000t\000i\000o\000n\000\040\000\050\000E\0001\000\051}{section.5}% 50
\BOOKMARK [2][-]{subsection.5.3}{\376\377\000S\000t\000a\000t\000u\000s\000\040\000D\000e\000r\000i\000v\000a\000t\000i\000o\000n\000\040\000E\000x\000h\000a\000u\000s\000t\000i\000v\000e\000n\000e\000s\000s\000\040\000\050\000E\0002\000\051}{section.5}% 51
\BOOKMARK [2][-]{subsection.5.4}{\376\377\000P\000r\000e\000c\000o\000n\000d\000i\000t\000i\000o\000n\000\040\000E\000n\000f\000o\000r\000c\000e\000m\000e\000n\000t\000\040\000\050\000E\0004\000\051}{section.5}% 52
\BOOKMARK [2][-]{subsection.5.5}{\376\377\000S\000c\000a\000l\000a\000b\000i\000l\000i\000t\000y\000\040\000o\000n\000\040\000R\000e\000a\000l\000-\000W\000o\000r\000l\000d\000\040\000D\000a\000t\000a\000\040\000\050\000E\0006\000\051}{section.5}% 53
\BOOKMARK [2][-]{subsection.5.6}{\376\377\000S\000u\000m\000m\000a\000r\000y\000\040\000o\000f\000\040\000R\000e\000s\000u\000l\000t\000s}{section.5}% 54
\BOOKMARK [1][-]{section.6}{\376\377\000D\000i\000s\000c\000u\000s\000s\000i\000o\000n}{}% 55
\BOOKMARK [2][-]{subsection.6.1}{\376\377\000E\000v\000e\000n\000t\000-\000F\000i\000r\000s\000t\000\040\000A\000r\000c\000h\000i\000t\000e\000c\000t\000u\000r\000e\000:\000\040\000O\000n\000t\000o\000l\000o\000g\000i\000c\000a\000l\000\040\000I\000m\000p\000l\000i\000c\000a\000t\000i\000o\000n\000s}{section.6}% 56
\BOOKMARK [2][-]{subsection.6.2}{\376\377\000C\000o\000n\000c\000e\000p\000t\000u\000a\000l\000\040\000M\000o\000d\000e\000l\000i\000n\000g\000\040\000C\000o\000n\000t\000r\000i\000b\000u\000t\000i\000o\000n}{section.6}% 57
\BOOKMARK [2][-]{subsection.6.3}{\376\377\000L\000i\000m\000i\000t\000a\000t\000i\000o\000n\000s}{section.6}% 58
\BOOKMARK [2][-]{subsection.6.4}{\376\377\000C\000o\000m\000p\000a\000r\000i\000s\000o\000n\000\040\000w\000i\000t\000h\000\040\000F\000o\000u\000n\000d\000a\000t\000i\000o\000n\000a\000l\000\040\000O\000n\000t\000o\000l\000o\000g\000i\000e\000s}{section.6}% 59
\BOOKMARK [1][-]{section.7}{\376\377\000C\000o\000n\000c\000l\000u\000s\000i\000o\000n\000\040\000a\000n\000d\000\040\000F\000u\000t\000u\000r\000e\000\040\000W\000o\000r\000k}{}% 60
\BOOKMARK [2][-]{subsection.7.1}{\376\377\000S\000u\000m\000m\000a\000r\000y\000\040\000o\000f\000\040\000C\000o\000n\000t\000r\000i\000b\000u\000t\000i\000o\000n\000s}{section.7}% 61
\BOOKMARK [2][-]{subsection.7.2}{\376\377\000F\000u\000t\000u\000r\000e\000\040\000W\000o\000r\000k}{section.7}% 62
\BOOKMARK [1][-]{appendix.A}{\376\377\000P\000R\000O\000V\000-\000O\000\040\000E\000x\000p\000o\000r\000t\000\040\000E\000x\000a\000m\000p\000l\000e}{}% 63
\BOOKMARK [1][-]{appendix.B}{\376\377\000S\000H\000A\000C\000L\000\040\000S\000h\000a\000p\000e\000\040\000f\000o\000r\000\040\000L\0003\000\040\000R\000e\000l\000a\000t\000i\000o\000n\000\040\000V\000a\000l\000i\000d\000a\000t\000i\000o\000n}{}% 64
\BOOKMARK [1][-]{appendix.C}{\376\377\000A\000d\000v\000e\000r\000s\000a\000r\000i\000a\000l\000\040\000I\000n\000t\000e\000g\000r\000i\000t\000y\000\040\000T\000e\000s\000t\000\040\000S\000u\000i\000t\000e}{}% 65
\BOOKMARK [1][-]{appendix.D}{\376\377\000E\000x\000p\000e\000r\000i\000m\000e\000n\000t\000\040\000R\000u\000n\000n\000e\000r\000\040\000a\000n\000d\000\040\000R\000e\000p\000r\000o\000d\000u\000c\000i\000b\000i\000l\000i\000t\000y}{}% 66
